<?xml version="1.0" encoding="UTF-8"?>
<!-- Generated by org.testng.reporters.JUnitReportReporter -->
<testsuite skipped="0" hostname="LAPTOP-GU1IS23J" name="TestJenkins.MyTestMaven" tests="1" failures="0" timestamp="20 Aug 2020 15:01:23 GMT" time="0.052" errors="0">
  <testcase name="myTest" time="0.052" classname="TestJenkins.MyTestMaven"/>
</testsuite> <!-- TestJenkins.MyTestMaven -->
