<?xml version="1.0" encoding="UTF-8"?>
<!-- Generated by org.testng.reporters.JUnitReportReporter -->
<testsuite skipped="0" hostname="LAPTOP-GU1IS23J" name="com.testP.TestSecond" tests="1" failures="0" timestamp="08 Jun 2020 15:23:46 GMT" time="0.055" errors="0">
  <testcase name="myTest" time="0.055" classname="com.testP.TestSecond"/>
</testsuite> <!-- com.testP.TestSecond -->
